Added Member To Class: ClassName=Sheet1 Member=Component A Meter
Added Member To Class: ClassName=Sheet1 Member=Component C1
Added Member To Class: ClassName=Sheet1 Member=Component C2 Cap
Added Member To Class: ClassName=Sheet1 Member=Component C3 Cap
Added Member To Class: ClassName=Sheet1 Member=Component D1 Diode 1N4149
Added Member To Class: ClassName=Sheet1 Member=Component D2 Diode 1N4149
Added Member To Class: ClassName=Sheet1 Member=Component D3 Diode 1N4149
Added Member To Class: ClassName=Sheet1 Member=Component Q1 BD787G
Added Member To Class: ClassName=Sheet1 Member=Component Q2 BD787G
Added Member To Class: ClassName=Sheet1 Member=Component Q3 BD787G
Added Member To Class: ClassName=Sheet1 Member=Component Q4 BD787G
Added Member To Class: ClassName=Sheet1 Member=Component R1 Res1
Added Member To Class: ClassName=Sheet1 Member=Component R2
Added Member To Class: ClassName=Sheet1 Member=Component R3 Key=C
Added Member To Class: ClassName=Sheet1 Member=Component R4 Key=A
Added Member To Class: ClassName=Sheet1 Member=Component R5 Key=B
Added Member To Class: ClassName=Sheet1 Member=Component R6 Res1
Added Member To Class: ClassName=Sheet1 Member=Component R7 Res1
Added Member To Class: ClassName=Sheet1 Member=Component R8 Res1
Added Member To Class: ClassName=Sheet1 Member=Component R9 Res1
Added Member To Class: ClassName=Sheet1 Member=Component U1 741
Added Member To Class: ClassName=Sheet1 Member=Component U2 741
Added Member To Class: ClassName=Sheet1 Member=Component V Meter
Added Member To Class: ClassName=Sheet1 Member=Component XFG1 Header 3
